
*** Running vivado
    with args -log fir.vds -m64 -product Vivado -mode batch -messageDb vivado.pb -notrace -source fir.tcl


****** Vivado v2022.1 (64-bit)
  **** SW Build 3526262 on Mon Apr 18 15:47:01 MDT 2022
  **** IP Build 3524634 on Mon Apr 18 20:55:01 MDT 2022
    ** Copyright 1986-2022 Xilinx, Inc. All Rights Reserved.

source fir.tcl -notrace
Command: read_checkpoint -auto_incremental -incremental /home/ubuntu/project_2/project_2.srcs/utils_1/imports/synth_1/fir.dcp
INFO: [Vivado 12-5825] Read reference checkpoint from /home/ubuntu/project_2/project_2.srcs/utils_1/imports/synth_1/fir.dcp for incremental synthesis
INFO: [Vivado 12-7989] Please ensure there are no constraint changes
Command: synth_design -top fir -part xc7z020clg400-1
Starting synth_design
Attempting to get a license for feature 'Synthesis' and/or device 'xc7z020'
INFO: [Common 17-349] Got license for feature 'Synthesis' and/or device 'xc7z020'
INFO: [Device 21-403] Loading part xc7z020clg400-1
INFO: [Designutils 20-5440] No compile time benefit to using incremental synthesis; A full resynthesis will be run
INFO: [Designutils 20-4379] Flow is switching to default flow due to incremental criteria not met. If you would like to alter this behaviour and have the flow terminate instead, please set the following parameter config_implementation {autoIncr.Synth.RejectBehavior Terminate}
INFO: [Synth 8-7079] Multithreading enabled for synth_design using a maximum of 4 processes.
INFO: [Synth 8-7078] Launching helper process for spawning children vivado processes
INFO: [Synth 8-7075] Helper process launched with PID 531877
WARNING: [Synth 8-9887] parameter declaration becomes local in 'fir' with formal parameter declaration list [/home/ubuntu/lab_3/lab-fir/fir/rtl/fir.v:58]
WARNING: [Synth 8-9887] parameter declaration becomes local in 'fir' with formal parameter declaration list [/home/ubuntu/lab_3/lab-fir/fir/rtl/fir.v:59]
WARNING: [Synth 8-9887] parameter declaration becomes local in 'fir' with formal parameter declaration list [/home/ubuntu/lab_3/lab-fir/fir/rtl/fir.v:60]
WARNING: [Synth 8-9887] parameter declaration becomes local in 'fir' with formal parameter declaration list [/home/ubuntu/lab_3/lab-fir/fir/rtl/fir.v:61]
WARNING: [Synth 8-9887] parameter declaration becomes local in 'fir' with formal parameter declaration list [/home/ubuntu/lab_3/lab-fir/fir/rtl/fir.v:62]
---------------------------------------------------------------------------------
Starting RTL Elaboration : Time (s): cpu = 00:00:02 ; elapsed = 00:00:03 . Memory (MB): peak = 2903.082 ; gain = 0.000 ; free physical = 177 ; free virtual = 4254
---------------------------------------------------------------------------------
INFO: [Synth 8-6157] synthesizing module 'fir' [/home/ubuntu/lab_3/lab-fir/fir/rtl/fir.v:2]
INFO: [Synth 8-155] case statement is not full and has no default [/home/ubuntu/lab_3/lab-fir/fir/rtl/fir.v:155]
INFO: [Synth 8-155] case statement is not full and has no default [/home/ubuntu/lab_3/lab-fir/fir/rtl/fir.v:329]
INFO: [Synth 8-6155] done synthesizing module 'fir' (0#1) [/home/ubuntu/lab_3/lab-fir/fir/rtl/fir.v:2]
WARNING: [Synth 8-7137] Register genblk1.coef_lite_reg[128] in module fir has both Set and reset with same priority. This may cause simulation mismatches. Consider rewriting code  [/home/ubuntu/lab_3/lab-fir/fir/rtl/fir.v:179]
---------------------------------------------------------------------------------
Finished RTL Elaboration : Time (s): cpu = 00:00:04 ; elapsed = 00:00:04 . Memory (MB): peak = 2903.082 ; gain = 0.000 ; free physical = 1235 ; free virtual = 5284
---------------------------------------------------------------------------------
---------------------------------------------------------------------------------
Start Handling Custom Attributes
---------------------------------------------------------------------------------
---------------------------------------------------------------------------------
Finished Handling Custom Attributes : Time (s): cpu = 00:00:04 ; elapsed = 00:00:04 . Memory (MB): peak = 2903.082 ; gain = 0.000 ; free physical = 1235 ; free virtual = 5284
---------------------------------------------------------------------------------
---------------------------------------------------------------------------------
Finished RTL Optimization Phase 1 : Time (s): cpu = 00:00:04 ; elapsed = 00:00:04 . Memory (MB): peak = 2903.082 ; gain = 0.000 ; free physical = 1235 ; free virtual = 5284
---------------------------------------------------------------------------------
Netlist sorting complete. Time (s): cpu = 00:00:00.08 ; elapsed = 00:00:00.07 . Memory (MB): peak = 2903.082 ; gain = 0.000 ; free physical = 1235 ; free virtual = 5284
INFO: [Project 1-570] Preparing netlist for logic optimization

Processing XDC Constraints
Initializing timing engine
Parsing XDC File [/home/ubuntu/project_2/project_2.srcs/constrs_1/new/1.xdc]
Finished Parsing XDC File [/home/ubuntu/project_2/project_2.srcs/constrs_1/new/1.xdc]
Completed Processing XDC Constraints

Netlist sorting complete. Time (s): cpu = 00:00:00 ; elapsed = 00:00:00 . Memory (MB): peak = 2919.090 ; gain = 0.000 ; free physical = 1163 ; free virtual = 5211
INFO: [Project 1-111] Unisim Transformation Summary:
No Unisim elements were transformed.

Constraint Validation Runtime : Time (s): cpu = 00:00:00.03 ; elapsed = 00:00:00.03 . Memory (MB): peak = 2919.090 ; gain = 0.000 ; free physical = 1163 ; free virtual = 5211
INFO: [Designutils 20-5440] No compile time benefit to using incremental synthesis; A full resynthesis will be run
INFO: [Designutils 20-4379] Flow is switching to default flow due to incremental criteria not met. If you would like to alter this behaviour and have the flow terminate instead, please set the following parameter config_implementation {autoIncr.Synth.RejectBehavior Terminate}
---------------------------------------------------------------------------------
Finished Constraint Validation : Time (s): cpu = 00:00:08 ; elapsed = 00:00:09 . Memory (MB): peak = 2919.090 ; gain = 16.008 ; free physical = 1249 ; free virtual = 5297
---------------------------------------------------------------------------------
---------------------------------------------------------------------------------
Start Loading Part and Timing Information
---------------------------------------------------------------------------------
Loading part: xc7z020clg400-1
---------------------------------------------------------------------------------
Finished Loading Part and Timing Information : Time (s): cpu = 00:00:09 ; elapsed = 00:00:09 . Memory (MB): peak = 2919.090 ; gain = 16.008 ; free physical = 1249 ; free virtual = 5297
---------------------------------------------------------------------------------
---------------------------------------------------------------------------------
Start Applying 'set_property' XDC Constraints
---------------------------------------------------------------------------------
---------------------------------------------------------------------------------
Finished applying 'set_property' XDC Constraints : Time (s): cpu = 00:00:09 ; elapsed = 00:00:09 . Memory (MB): peak = 2919.090 ; gain = 16.008 ; free physical = 1249 ; free virtual = 5297
---------------------------------------------------------------------------------
WARNING: [Synth 8-327] inferring latch for variable 'genblk1.stt_data_n_reg' [/home/ubuntu/lab_3/lab-fir/fir/rtl/fir.v:332]
---------------------------------------------------------------------------------
Finished RTL Optimization Phase 2 : Time (s): cpu = 00:00:12 ; elapsed = 00:00:14 . Memory (MB): peak = 2919.090 ; gain = 16.008 ; free physical = 1231 ; free virtual = 5281
---------------------------------------------------------------------------------
---------------------------------------------------------------------------------
Start RTL Component Statistics 
---------------------------------------------------------------------------------
Detailed RTL Component Info : 
+---Adders : 
	   2 Input   10 Bit       Adders := 1     
	   3 Input    5 Bit       Adders := 1     
	   2 Input    5 Bit       Adders := 1     
	   2 Input    4 Bit       Adders := 2     
+---Registers : 
	               32 Bit    Registers := 130   
	               10 Bit    Registers := 1     
	                4 Bit    Registers := 2     
	                3 Bit    Registers := 1     
	                1 Bit    Registers := 6     
+---Multipliers : 
	              32x32  Multipliers := 1     
+---Muxes : 
	   4 Input   32 Bit        Muxes := 94    
	   2 Input   32 Bit        Muxes := 134   
	   2 Input   12 Bit        Muxes := 2     
	   2 Input   10 Bit        Muxes := 1     
	   2 Input    8 Bit        Muxes := 1     
	   2 Input    7 Bit        Muxes := 2     
	   2 Input    5 Bit        Muxes := 2     
	   2 Input    4 Bit        Muxes := 3     
	   3 Input    4 Bit        Muxes := 1     
	   6 Input    3 Bit        Muxes := 1     
	   3 Input    3 Bit        Muxes := 1     
	   4 Input    2 Bit        Muxes := 26    
	   2 Input    2 Bit        Muxes := 1     
	   2 Input    1 Bit        Muxes := 540   
	   4 Input    1 Bit        Muxes := 127   
	   3 Input    1 Bit        Muxes := 2     
	   6 Input    1 Bit        Muxes := 1     
---------------------------------------------------------------------------------
Finished RTL Component Statistics 
---------------------------------------------------------------------------------
---------------------------------------------------------------------------------
Start Part Resource Summary
---------------------------------------------------------------------------------
Part Resources:
DSPs: 220 (col length:60)
BRAMs: 280 (col length: RAMB18 60 RAMB36 30)
---------------------------------------------------------------------------------
Finished Part Resource Summary
---------------------------------------------------------------------------------
---------------------------------------------------------------------------------
Start Cross Boundary and Area Optimization
---------------------------------------------------------------------------------
WARNING: [Synth 8-7080] Parallel synthesis criteria is not met
DSP Report: Generating DSP genblk1.result1, operation Mode is: A*B.
DSP Report: operator genblk1.result1 is absorbed into DSP genblk1.result1.
DSP Report: operator genblk1.result1 is absorbed into DSP genblk1.result1.
DSP Report: Generating DSP genblk1.result1, operation Mode is: (PCIN>>17)+A*B.
DSP Report: operator genblk1.result1 is absorbed into DSP genblk1.result1.
DSP Report: operator genblk1.result1 is absorbed into DSP genblk1.result1.
DSP Report: Generating DSP genblk1.result1, operation Mode is: A*B.
DSP Report: operator genblk1.result1 is absorbed into DSP genblk1.result1.
DSP Report: operator genblk1.result1 is absorbed into DSP genblk1.result1.
DSP Report: Generating DSP genblk1.result1, operation Mode is: (PCIN>>17)+A*B.
DSP Report: operator genblk1.result1 is absorbed into DSP genblk1.result1.
DSP Report: operator genblk1.result1 is absorbed into DSP genblk1.result1.
WARNING: [Synth 8-3917] design fir has port tap_A[1] driven by constant 0
WARNING: [Synth 8-3917] design fir has port tap_A[0] driven by constant 0
WARNING: [Synth 8-3917] design fir has port data_A[1] driven by constant 0
WARNING: [Synth 8-3917] design fir has port data_A[0] driven by constant 0
---------------------------------------------------------------------------------
Finished Cross Boundary and Area Optimization : Time (s): cpu = 00:00:18 ; elapsed = 00:00:21 . Memory (MB): peak = 2919.090 ; gain = 16.008 ; free physical = 1200 ; free virtual = 5262
---------------------------------------------------------------------------------
---------------------------------------------------------------------------------
Start ROM, RAM, DSP, Shift Register and Retiming Reporting
---------------------------------------------------------------------------------

DSP: Preliminary Mapping Report (see note below. The ' indicates corresponding REG is set)
+------------+----------------+--------+--------+--------+--------+--------+------+------+------+------+-------+------+------+
|Module Name | DSP Mapping    | A Size | B Size | C Size | D Size | P Size | AREG | BREG | CREG | DREG | ADREG | MREG | PREG | 
+------------+----------------+--------+--------+--------+--------+--------+------+------+------+------+-------+------+------+
|fir         | A*B            | 18     | 16     | -      | -      | 48     | 0    | 0    | -    | -    | -     | 0    | 0    | 
|fir         | (PCIN>>17)+A*B | 16     | 16     | -      | -      | 48     | 0    | 0    | -    | -    | -     | 0    | 0    | 
|fir         | A*B            | 18     | 18     | -      | -      | 48     | 0    | 0    | -    | -    | -     | 0    | 0    | 
|fir         | (PCIN>>17)+A*B | 18     | 16     | -      | -      | 48     | 0    | 0    | -    | -    | -     | 0    | 0    | 
+------------+----------------+--------+--------+--------+--------+--------+------+------+------+------+-------+------+------+

Note: The table above is a preliminary report that shows the DSPs inferred at the current stage of the synthesis flow. Some DSP may be reimplemented as non DSP primitives later in the synthesis flow. Multiple instantiated DSPs are reported only once.
---------------------------------------------------------------------------------
Finished ROM, RAM, DSP, Shift Register and Retiming Reporting
---------------------------------------------------------------------------------
---------------------------------------------------------------------------------
Start Applying XDC Timing Constraints
---------------------------------------------------------------------------------
---------------------------------------------------------------------------------
Finished Applying XDC Timing Constraints : Time (s): cpu = 00:00:22 ; elapsed = 00:00:25 . Memory (MB): peak = 2919.090 ; gain = 16.008 ; free physical = 1063 ; free virtual = 5125
---------------------------------------------------------------------------------
---------------------------------------------------------------------------------
Start Timing Optimization
---------------------------------------------------------------------------------
---------------------------------------------------------------------------------
Finished Timing Optimization : Time (s): cpu = 00:00:25 ; elapsed = 00:00:28 . Memory (MB): peak = 2921.090 ; gain = 18.008 ; free physical = 1044 ; free virtual = 5106
---------------------------------------------------------------------------------
---------------------------------------------------------------------------------
Start Technology Mapping
---------------------------------------------------------------------------------
---------------------------------------------------------------------------------
Finished Technology Mapping : Time (s): cpu = 00:00:26 ; elapsed = 00:00:28 . Memory (MB): peak = 2921.090 ; gain = 18.008 ; free physical = 1043 ; free virtual = 5105
---------------------------------------------------------------------------------
---------------------------------------------------------------------------------
Start IO Insertion
---------------------------------------------------------------------------------
---------------------------------------------------------------------------------
Start Flattening Before IO Insertion
---------------------------------------------------------------------------------
---------------------------------------------------------------------------------
Finished Flattening Before IO Insertion
---------------------------------------------------------------------------------
---------------------------------------------------------------------------------
Start Final Netlist Cleanup
---------------------------------------------------------------------------------
---------------------------------------------------------------------------------
Finished Final Netlist Cleanup
---------------------------------------------------------------------------------
---------------------------------------------------------------------------------
Finished IO Insertion : Time (s): cpu = 00:00:28 ; elapsed = 00:00:30 . Memory (MB): peak = 2921.090 ; gain = 18.008 ; free physical = 1043 ; free virtual = 5106
---------------------------------------------------------------------------------
---------------------------------------------------------------------------------
Start Renaming Generated Instances
---------------------------------------------------------------------------------
---------------------------------------------------------------------------------
Finished Renaming Generated Instances : Time (s): cpu = 00:00:28 ; elapsed = 00:00:30 . Memory (MB): peak = 2921.090 ; gain = 18.008 ; free physical = 1043 ; free virtual = 5106
---------------------------------------------------------------------------------
---------------------------------------------------------------------------------
Start Rebuilding User Hierarchy
---------------------------------------------------------------------------------
---------------------------------------------------------------------------------
Finished Rebuilding User Hierarchy : Time (s): cpu = 00:00:28 ; elapsed = 00:00:30 . Memory (MB): peak = 2921.090 ; gain = 18.008 ; free physical = 1043 ; free virtual = 5106
---------------------------------------------------------------------------------
---------------------------------------------------------------------------------
Start Renaming Generated Ports
---------------------------------------------------------------------------------
---------------------------------------------------------------------------------
Finished Renaming Generated Ports : Time (s): cpu = 00:00:28 ; elapsed = 00:00:30 . Memory (MB): peak = 2921.090 ; gain = 18.008 ; free physical = 1043 ; free virtual = 5106
---------------------------------------------------------------------------------
---------------------------------------------------------------------------------
Start Handling Custom Attributes
---------------------------------------------------------------------------------
---------------------------------------------------------------------------------
Finished Handling Custom Attributes : Time (s): cpu = 00:00:28 ; elapsed = 00:00:31 . Memory (MB): peak = 2921.090 ; gain = 18.008 ; free physical = 1043 ; free virtual = 5106
---------------------------------------------------------------------------------
---------------------------------------------------------------------------------
Start Renaming Generated Nets
---------------------------------------------------------------------------------
---------------------------------------------------------------------------------
Finished Renaming Generated Nets : Time (s): cpu = 00:00:28 ; elapsed = 00:00:31 . Memory (MB): peak = 2921.090 ; gain = 18.008 ; free physical = 1043 ; free virtual = 5106
---------------------------------------------------------------------------------
---------------------------------------------------------------------------------
Start Writing Synthesis Report
---------------------------------------------------------------------------------

DSP Final Report (the ' indicates corresponding REG is set)
+------------+--------------+--------+--------+--------+--------+--------+------+------+------+------+-------+------+------+
|Module Name | DSP Mapping  | A Size | B Size | C Size | D Size | P Size | AREG | BREG | CREG | DREG | ADREG | MREG | PREG | 
+------------+--------------+--------+--------+--------+--------+--------+------+------+------+------+-------+------+------+
|fir         | A*B          | 17     | 15     | -      | -      | 48     | 0    | 0    | -    | -    | -     | 0    | 0    | 
|fir         | A*B          | 17     | 17     | -      | -      | 48     | 0    | 0    | -    | -    | -     | 0    | 0    | 
|fir         | PCIN>>17+A*B | 0      | 15     | -      | -      | 48     | 0    | 0    | -    | -    | -     | 0    | 0    | 
+------------+--------------+--------+--------+--------+--------+--------+------+------+------+------+-------+------+------+


Report BlackBoxes: 
+-+--------------+----------+
| |BlackBox name |Instances |
+-+--------------+----------+
+-+--------------+----------+

Report Cell Usage: 
+------+--------+------+
|      |Cell    |Count |
+------+--------+------+
|1     |BUFG    |     1|
|2     |CARRY4  |    12|
|3     |DSP48E1 |     3|
|4     |LUT1    |     2|
|5     |LUT2    |    96|
|6     |LUT3    |   492|
|7     |LUT4    |   116|
|8     |LUT5    |   375|
|9     |LUT6    |  1531|
|10    |MUXF7   |   436|
|11    |MUXF8   |   208|
|12    |FDCE    |  1114|
|13    |FDPE    |     1|
|14    |FDRE    |     8|
|15    |LD      |     3|
|16    |IBUF    |   161|
|17    |OBUF    |   169|
+------+--------+------+
---------------------------------------------------------------------------------
Finished Writing Synthesis Report : Time (s): cpu = 00:00:28 ; elapsed = 00:00:31 . Memory (MB): peak = 2921.090 ; gain = 18.008 ; free physical = 1043 ; free virtual = 5106
---------------------------------------------------------------------------------
Synthesis finished with 0 errors, 0 critical warnings and 6 warnings.
Synthesis Optimization Runtime : Time (s): cpu = 00:00:26 ; elapsed = 00:00:29 . Memory (MB): peak = 2921.090 ; gain = 2.000 ; free physical = 1117 ; free virtual = 5179
Synthesis Optimization Complete : Time (s): cpu = 00:00:28 ; elapsed = 00:00:31 . Memory (MB): peak = 2921.098 ; gain = 18.008 ; free physical = 1117 ; free virtual = 5179
INFO: [Project 1-571] Translating synthesized netlist
Netlist sorting complete. Time (s): cpu = 00:00:00.01 ; elapsed = 00:00:00.02 . Memory (MB): peak = 2921.098 ; gain = 0.000 ; free physical = 1202 ; free virtual = 5265
INFO: [Netlist 29-17] Analyzing 662 Unisim elements for replacement
INFO: [Netlist 29-28] Unisim Transformation completed in 0 CPU seconds
WARNING: [Netlist 29-101] Netlist 'fir' is not ideal for floorplanning, since the cellview 'fir' contains a large number of primitives.  Please consider enabling hierarchy in synthesis if you want to do floorplanning.
INFO: [Project 1-570] Preparing netlist for logic optimization
INFO: [Opt 31-138] Pushed 0 inverter(s) to 0 load pin(s).
Netlist sorting complete. Time (s): cpu = 00:00:00 ; elapsed = 00:00:00 . Memory (MB): peak = 2921.098 ; gain = 0.000 ; free physical = 1150 ; free virtual = 5212
INFO: [Project 1-111] Unisim Transformation Summary:
  A total of 3 instances were transformed.
  LD => LDCE: 3 instances

Synth Design complete, checksum: 3d95313d
INFO: [Common 17-83] Releasing license: Synthesis
24 Infos, 13 Warnings, 0 Critical Warnings and 0 Errors encountered.
synth_design completed successfully
synth_design: Time (s): cpu = 00:00:35 ; elapsed = 00:00:34 . Memory (MB): peak = 2921.098 ; gain = 18.016 ; free physical = 1362 ; free virtual = 5424
INFO: [Common 17-1381] The checkpoint '/home/ubuntu/project_2/project_2.runs/synth_1/fir.dcp' has been generated.
INFO: [runtcl-4] Executing : report_utilization -file fir_utilization_synth.rpt -pb fir_utilization_synth.pb
INFO: [Common 17-206] Exiting Vivado at Wed Oct 18 22:16:38 2023...
